<?xml version="1.0" encoding="UTF-8"?>
<testsuite xmlns:xsi="http://www.w3.org/2001/XMLSchema-instance" xsi:noNamespaceSchemaLocation="https://maven.apache.org/surefire/maven-surefire-plugin/xsd/surefire-test-report.xsd" name="com.expert.system.TestDroolsTest" time="0.207" tests="4" errors="0" skipped="0" failures="0">
  <properties>
[...]
</properties>
  <testcase name="testFossilFound" classname="com.expert.system.TestDroolsTest" time="0.177"/>
  <testcase name="testCrystalsFound" classname="com.expert.system.TestDroolsTest" time="0.002"/>
  <testcase name="testHolesIdentified" classname="com.expert.system.TestDroolsTest" time="0.003"/>
  <testcase name="testObsidian" classname="com.expert.system.TestDroolsTest" time="0.001"/>
</testsuite>